<?xml version="1.0" encoding="UTF-8"?>
<testsuite name="ca.gbc.microserviceparent.MicroserviceParentApplicationTests" tests="1" skipped="0" failures="0" errors="0" timestamp="2024-12-10T03:46:39" hostname="Mac" time="0.401">
  <properties/>
  <testcase name="contextLoads()" classname="ca.gbc.microserviceparent.MicroserviceParentApplicationTests" time="0.401"/>
  <system-out><![CDATA[22:46:35.775 [Test worker] INFO org.springframework.test.context.support.AnnotationConfigContextLoaderUtils -- Could not detect default configuration classes for test class [ca.gbc.microserviceparent.MicroserviceParentApplicationTests]: MicroserviceParentApplicationTests does not declare any static, non-private, non-final, nested classes annotated with @Configuration.
22:46:35.827 [Test worker] INFO org.springframework.boot.test.context.SpringBootTestContextBootstrapper -- Found @SpringBootConfiguration ca.gbc.microserviceparent.MicroserviceParentApplication for test class ca.gbc.microserviceparent.MicroserviceParentApplicationTests

  .   ____          _            __ _ _
 /\\ / ___'_ __ _ _(_)_ __  __ _ \ \ \ \
( ( )\___ | '_ | '_| | '_ \/ _` | \ \ \ \
 \\/  ___)| |_)| | | | | || (_| |  ) ) ) )
  '  |____| .__|_| |_|_| |_\__, | / / / /
 =========|_|==============|___/=/_/_/_/

 :: Spring Boot ::                (v3.3.5)

2024-12-09T22:46:35.991-05:00  INFO 20859 --- [microservice-parent] [    Test worker] c.g.m.MicroserviceParentApplicationTests : Starting MicroserviceParentApplicationTests using Java 23.0.1 with PID 20859 (started by kailiefield in /Users/kailiefield/Documents/3YS1/comp3095_ICE2/microservice-parent)
2024-12-09T22:46:35.992-05:00  INFO 20859 --- [microservice-parent] [    Test worker] c.g.m.MicroserviceParentApplicationTests : No active profile set, falling back to 1 default profile: "default"
2024-12-09T22:46:36.424-05:00  INFO 20859 --- [microservice-parent] [    Test worker] .s.d.r.c.RepositoryConfigurationDelegate : Bootstrapping Spring Data MongoDB repositories in DEFAULT mode.
2024-12-09T22:46:36.430-05:00  INFO 20859 --- [microservice-parent] [    Test worker] .s.d.r.c.RepositoryConfigurationDelegate : Finished Spring Data repository scanning in 5 ms. Found 0 MongoDB repository interfaces.
2024-12-09T22:46:36.520-05:00  INFO 20859 --- [microservice-parent] [    Test worker] o.s.cloud.context.scope.GenericScope     : BeanFactory id=c1c2beb0-4cc5-38cd-a99e-71a6240d0808
2024-12-09T22:46:36.587-05:00  INFO 20859 --- [microservice-parent] [    Test worker] org.testcontainers.images.PullPolicy     : Image pull policy will be performed by: DefaultPullPolicy()
2024-12-09T22:46:36.588-05:00  INFO 20859 --- [microservice-parent] [    Test worker] o.t.utility.ImageNameSubstitutor         : Image name substitution will be performed by: DefaultImageNameSubstitutor (composite of 'ConfigurationFileImageNameSubstitutor' and 'PrefixingImageNameSubstitutor')
2024-12-09T22:46:36.679-05:00  INFO 20859 --- [microservice-parent] [    Test worker] o.t.d.DockerClientProviderStrategy       : Loaded org.testcontainers.dockerclient.UnixSocketClientProviderStrategy from ~/.testcontainers.properties, will try it first
2024-12-09T22:46:36.819-05:00  INFO 20859 --- [microservice-parent] [    Test worker] o.t.d.DockerClientProviderStrategy       : Found Docker environment with local Unix socket (unix:///var/run/docker.sock)
2024-12-09T22:46:36.823-05:00  INFO 20859 --- [microservice-parent] [    Test worker] org.testcontainers.DockerClientFactory   : Docker host IP address is localhost
2024-12-09T22:46:36.839-05:00  INFO 20859 --- [microservice-parent] [    Test worker] org.testcontainers.DockerClientFactory   : Connected to docker: 
  Server Version: 27.3.1
  API Version: 1.47
  Operating System: Docker Desktop
  Total Memory: 7837 MB
2024-12-09T22:46:36.874-05:00  INFO 20859 --- [microservice-parent] [    Test worker] tc.testcontainers/ryuk:0.7.0             : Creating container for image: testcontainers/ryuk:0.7.0
2024-12-09T22:46:37.070-05:00  INFO 20859 --- [microservice-parent] [    Test worker] tc.testcontainers/ryuk:0.7.0             : Container testcontainers/ryuk:0.7.0 is starting: 4f686d9483b10b0b898ab8ae5afe15656c924ce3cf64b8719507a83571e5a44f
2024-12-09T22:46:37.408-05:00  INFO 20859 --- [microservice-parent] [    Test worker] tc.testcontainers/ryuk:0.7.0             : Container testcontainers/ryuk:0.7.0 started in PT0.533835S
2024-12-09T22:46:37.413-05:00  INFO 20859 --- [microservice-parent] [    Test worker] o.t.utility.RyukResourceReaper           : Ryuk started - will monitor and terminate Testcontainers containers on JVM exit
2024-12-09T22:46:37.414-05:00  INFO 20859 --- [microservice-parent] [    Test worker] org.testcontainers.DockerClientFactory   : Checking the system...
2024-12-09T22:46:37.414-05:00  INFO 20859 --- [microservice-parent] [    Test worker] org.testcontainers.DockerClientFactory   : ✔︎ Docker server version should be at least 1.6.0
2024-12-09T22:46:37.414-05:00  INFO 20859 --- [microservice-parent] [    Test worker] tc.mongo:latest                          : Creating container for image: mongo:latest
2024-12-09T22:46:37.440-05:00  INFO 20859 --- [microservice-parent] [    Test worker] tc.mongo:latest                          : Container mongo:latest is starting: fbc38a028c71f1d23d0d7737d5666e3b88ffc57b39c0787e774298cfa027e905
2024-12-09T22:46:38.353-05:00  INFO 20859 --- [microservice-parent] [    Test worker] tc.mongo:latest                          : Container mongo:latest started in PT0.938505S
2024-12-09T22:46:39.393-05:00  INFO 20859 --- [microservice-parent] [    Test worker] org.mongodb.driver.client                : MongoClient with metadata {"driver": {"name": "mongo-java-driver|sync|spring-boot", "version": "5.0.1"}, "os": {"type": "Darwin", "name": "Mac OS X", "architecture": "aarch64", "version": "15.1.1"}, "platform": "Java/Oracle Corporation/23.0.1+11-39"} created with settings MongoClientSettings{readPreference=primary, writeConcern=WriteConcern{w=null, wTimeout=null ms, journal=null}, retryWrites=true, retryReads=true, readConcern=ReadConcern{level=null}, credential=null, transportSettings=null, commandListeners=[io.micrometer.core.instrument.binder.mongodb.MongoMetricsCommandListener@6c4e486e], codecRegistry=ProvidersCodecRegistry{codecProviders=[ValueCodecProvider{}, BsonValueCodecProvider{}, DBRefCodecProvider{}, DBObjectCodecProvider{}, DocumentCodecProvider{}, CollectionCodecProvider{}, IterableCodecProvider{}, MapCodecProvider{}, GeoJsonCodecProvider{}, GridFSFileCodecProvider{}, Jsr310CodecProvider{}, JsonObjectCodecProvider{}, BsonCodecProvider{}, EnumCodecProvider{}, com.mongodb.client.model.mql.ExpressionCodecProvider@27ac3b6d, com.mongodb.Jep395RecordCodecProvider@598f1faf, com.mongodb.KotlinCodecProvider@464abed]}, loggerSettings=LoggerSettings{maxDocumentLength=1000}, clusterSettings={hosts=[localhost:60719], srvServiceName=mongodb, mode=SINGLE, requiredClusterType=UNKNOWN, requiredReplicaSetName='null', serverSelector='null', clusterListeners='[]', serverSelectionTimeout='30000 ms', localThreshold='15 ms'}, socketSettings=SocketSettings{connectTimeoutMS=10000, readTimeoutMS=0, receiveBufferSize=0, proxySettings=ProxySettings{host=null, port=null, username=null, password=null}}, heartbeatSocketSettings=SocketSettings{connectTimeoutMS=10000, readTimeoutMS=10000, receiveBufferSize=0, proxySettings=ProxySettings{host=null, port=null, username=null, password=null}}, connectionPoolSettings=ConnectionPoolSettings{maxSize=100, minSize=0, maxWaitTimeMS=120000, maxConnectionLifeTimeMS=0, maxConnectionIdleTimeMS=0, maintenanceInitialDelayMS=0, maintenanceFrequencyMS=60000, connectionPoolListeners=[io.micrometer.core.instrument.binder.mongodb.MongoMetricsConnectionPoolListener@1af78e37], maxConnecting=2}, serverSettings=ServerSettings{heartbeatFrequencyMS=10000, minHeartbeatFrequencyMS=500, serverListeners='[]', serverMonitorListeners='[]'}, sslSettings=SslSettings{enabled=false, invalidHostNameAllowed=false, context=null}, applicationName='null', compressorList=[], uuidRepresentation=JAVA_LEGACY, serverApi=null, autoEncryptionSettings=null, dnsClient=null, inetAddressResolver=null, contextProvider=null}
2024-12-09T22:46:39.402-05:00  INFO 20859 --- [microservice-parent] [localhost:60719] org.mongodb.driver.cluster               : Monitor thread successfully connected to server with description ServerDescription{address=localhost:60719, type=REPLICA_SET_PRIMARY, state=CONNECTED, ok=true, minWireVersion=0, maxWireVersion=25, maxDocumentSize=16777216, logicalSessionTimeoutMinutes=30, roundTripTimeNanos=9165208, setName='docker-rs', canonicalAddress=fbc38a028c71:27017, hosts=[fbc38a028c71:27017], passives=[], arbiters=[], primary='fbc38a028c71:27017', tagSet=TagSet{[]}, electionId=7fffffff0000000000000001, setVersion=1, topologyVersion=TopologyVersion{processId=6757b99d0a1ff1377b72da3c, counter=6}, lastWriteDate=Mon Dec 09 22:46:38 EST 2024, lastUpdateTimeNanos=73034145957125}
2024-12-09T22:46:39.527-05:00  INFO 20859 --- [microservice-parent] [    Test worker] o.s.b.a.e.web.EndpointLinksResolver      : Exposing 1 endpoint beneath base path '/actuator'
2024-12-09T22:46:39.556-05:00  INFO 20859 --- [microservice-parent] [    Test worker] c.g.m.MicroserviceParentApplicationTests : Started MicroserviceParentApplicationTests in 3.682 seconds (process running for 4.158)
]]></system-out>
  <system-err><![CDATA[WARNING: A Java agent has been loaded dynamically (/Users/kailiefield/.gradle/caches/modules-2/files-2.1/net.bytebuddy/byte-buddy-agent/1.14.19/154da3a65b4f4a909d3e5bdec55d1b2b4cbb6ce1/byte-buddy-agent-1.14.19.jar)
WARNING: If a serviceability tool is in use, please run with -XX:+EnableDynamicAgentLoading to hide this warning
WARNING: If a serviceability tool is not in use, please run with -Djdk.instrument.traceUsage for more information
WARNING: Dynamic loading of agents will be disallowed by default in a future release
]]></system-err>
</testsuite>
