<?xml version="1.0" encoding="UTF-8"?>
<testsuite name="ca.gbc.microserviceparent.MicroserviceParentApplicationTests" tests="1" skipped="0" failures="0" errors="0" timestamp="2024-11-26T09:59:50" hostname="Mac" time="0.438">
  <properties/>
  <testcase name="contextLoads()" classname="ca.gbc.microserviceparent.MicroserviceParentApplicationTests" time="0.438"/>
  <system-out><![CDATA[04:59:47.076 [Test worker] INFO org.springframework.test.context.support.AnnotationConfigContextLoaderUtils -- Could not detect default configuration classes for test class [ca.gbc.microserviceparent.MicroserviceParentApplicationTests]: MicroserviceParentApplicationTests does not declare any static, non-private, non-final, nested classes annotated with @Configuration.
04:59:47.128 [Test worker] INFO org.springframework.boot.test.context.SpringBootTestContextBootstrapper -- Found @SpringBootConfiguration ca.gbc.microserviceparent.MicroserviceParentApplication for test class ca.gbc.microserviceparent.MicroserviceParentApplicationTests

  .   ____          _            __ _ _
 /\\ / ___'_ __ _ _(_)_ __  __ _ \ \ \ \
( ( )\___ | '_ | '_| | '_ \/ _` | \ \ \ \
 \\/  ___)| |_)| | | | | || (_| |  ) ) ) )
  '  |____| .__|_| |_|_| |_\__, | / / / /
 =========|_|==============|___/=/_/_/_/

 :: Spring Boot ::                (v3.3.5)

2024-11-26T04:59:47.262-05:00  INFO 86433 --- [microservice-parent] [    Test worker] c.g.m.MicroserviceParentApplicationTests : Starting MicroserviceParentApplicationTests using Java 23.0.1 with PID 86433 (started by kailiefield in /Users/kailiefield/Documents/3YS1/comp3095_ICE2/microservice-parent)
2024-11-26T04:59:47.263-05:00  INFO 86433 --- [microservice-parent] [    Test worker] c.g.m.MicroserviceParentApplicationTests : No active profile set, falling back to 1 default profile: "default"
2024-11-26T04:59:47.549-05:00  INFO 86433 --- [microservice-parent] [    Test worker] .s.d.r.c.RepositoryConfigurationDelegate : Bootstrapping Spring Data MongoDB repositories in DEFAULT mode.
2024-11-26T04:59:47.555-05:00  INFO 86433 --- [microservice-parent] [    Test worker] .s.d.r.c.RepositoryConfigurationDelegate : Finished Spring Data repository scanning in 4 ms. Found 0 MongoDB repository interfaces.
2024-11-26T04:59:47.644-05:00  INFO 86433 --- [microservice-parent] [    Test worker] org.testcontainers.images.PullPolicy     : Image pull policy will be performed by: DefaultPullPolicy()
2024-11-26T04:59:47.645-05:00  INFO 86433 --- [microservice-parent] [    Test worker] o.t.utility.ImageNameSubstitutor         : Image name substitution will be performed by: DefaultImageNameSubstitutor (composite of 'ConfigurationFileImageNameSubstitutor' and 'PrefixingImageNameSubstitutor')
2024-11-26T04:59:47.737-05:00  INFO 86433 --- [microservice-parent] [    Test worker] o.t.d.DockerClientProviderStrategy       : Loaded org.testcontainers.dockerclient.UnixSocketClientProviderStrategy from ~/.testcontainers.properties, will try it first
2024-11-26T04:59:47.855-05:00  INFO 86433 --- [microservice-parent] [    Test worker] o.t.d.DockerClientProviderStrategy       : Found Docker environment with local Unix socket (unix:///var/run/docker.sock)
2024-11-26T04:59:47.855-05:00  INFO 86433 --- [microservice-parent] [    Test worker] org.testcontainers.DockerClientFactory   : Docker host IP address is localhost
2024-11-26T04:59:47.864-05:00  INFO 86433 --- [microservice-parent] [    Test worker] org.testcontainers.DockerClientFactory   : Connected to docker: 
  Server Version: 27.2.0
  API Version: 1.47
  Operating System: Docker Desktop
  Total Memory: 7838 MB
2024-11-26T04:59:47.875-05:00  INFO 86433 --- [microservice-parent] [    Test worker] tc.testcontainers/ryuk:0.7.0             : Creating container for image: testcontainers/ryuk:0.7.0
2024-11-26T04:59:48.052-05:00  INFO 86433 --- [microservice-parent] [    Test worker] o.t.utility.RegistryAuthLocator          : Credential helper/store (docker-credential-desktop) does not have credentials for https://index.docker.io/v1/
2024-11-26T04:59:48.124-05:00  INFO 86433 --- [microservice-parent] [    Test worker] tc.testcontainers/ryuk:0.7.0             : Container testcontainers/ryuk:0.7.0 is starting: 2ed7c109a5809ded6126ae8c0c46336503026885e3313a2318048bb6f925c786
2024-11-26T04:59:48.410-05:00  INFO 86433 --- [microservice-parent] [    Test worker] tc.testcontainers/ryuk:0.7.0             : Container testcontainers/ryuk:0.7.0 started in PT0.535611S
2024-11-26T04:59:48.414-05:00  INFO 86433 --- [microservice-parent] [    Test worker] o.t.utility.RyukResourceReaper           : Ryuk started - will monitor and terminate Testcontainers containers on JVM exit
2024-11-26T04:59:48.414-05:00  INFO 86433 --- [microservice-parent] [    Test worker] org.testcontainers.DockerClientFactory   : Checking the system...
2024-11-26T04:59:48.414-05:00  INFO 86433 --- [microservice-parent] [    Test worker] org.testcontainers.DockerClientFactory   : ✔︎ Docker server version should be at least 1.6.0
2024-11-26T04:59:48.415-05:00  INFO 86433 --- [microservice-parent] [    Test worker] tc.mongo:latest                          : Creating container for image: mongo:latest
2024-11-26T04:59:48.448-05:00  INFO 86433 --- [microservice-parent] [    Test worker] tc.mongo:latest                          : Container mongo:latest is starting: 1d545db2d53b254fd518304d776c58cd0e6932bf3ad504724897807e0875a992
2024-11-26T04:59:49.589-05:00  INFO 86433 --- [microservice-parent] [    Test worker] tc.mongo:latest                          : Container mongo:latest started in PT1.174206S
2024-11-26T04:59:50.584-05:00  INFO 86433 --- [microservice-parent] [    Test worker] org.mongodb.driver.client                : MongoClient with metadata {"driver": {"name": "mongo-java-driver|sync|spring-boot", "version": "5.0.1"}, "os": {"type": "Darwin", "name": "Mac OS X", "architecture": "aarch64", "version": "15.1.1"}, "platform": "Java/Oracle Corporation/23.0.1+11-39"} created with settings MongoClientSettings{readPreference=primary, writeConcern=WriteConcern{w=null, wTimeout=null ms, journal=null}, retryWrites=true, retryReads=true, readConcern=ReadConcern{level=null}, credential=null, transportSettings=null, commandListeners=[io.micrometer.core.instrument.binder.mongodb.MongoMetricsCommandListener@1af82ba8], codecRegistry=ProvidersCodecRegistry{codecProviders=[ValueCodecProvider{}, BsonValueCodecProvider{}, DBRefCodecProvider{}, DBObjectCodecProvider{}, DocumentCodecProvider{}, CollectionCodecProvider{}, IterableCodecProvider{}, MapCodecProvider{}, GeoJsonCodecProvider{}, GridFSFileCodecProvider{}, Jsr310CodecProvider{}, JsonObjectCodecProvider{}, BsonCodecProvider{}, EnumCodecProvider{}, com.mongodb.client.model.mql.ExpressionCodecProvider@703cb756, com.mongodb.Jep395RecordCodecProvider@5897aae1, com.mongodb.KotlinCodecProvider@11dbcb3b]}, loggerSettings=LoggerSettings{maxDocumentLength=1000}, clusterSettings={hosts=[localhost:63016], srvServiceName=mongodb, mode=SINGLE, requiredClusterType=UNKNOWN, requiredReplicaSetName='null', serverSelector='null', clusterListeners='[]', serverSelectionTimeout='30000 ms', localThreshold='15 ms'}, socketSettings=SocketSettings{connectTimeoutMS=10000, readTimeoutMS=0, receiveBufferSize=0, proxySettings=ProxySettings{host=null, port=null, username=null, password=null}}, heartbeatSocketSettings=SocketSettings{connectTimeoutMS=10000, readTimeoutMS=10000, receiveBufferSize=0, proxySettings=ProxySettings{host=null, port=null, username=null, password=null}}, connectionPoolSettings=ConnectionPoolSettings{maxSize=100, minSize=0, maxWaitTimeMS=120000, maxConnectionLifeTimeMS=0, maxConnectionIdleTimeMS=0, maintenanceInitialDelayMS=0, maintenanceFrequencyMS=60000, connectionPoolListeners=[io.micrometer.core.instrument.binder.mongodb.MongoMetricsConnectionPoolListener@4aa517c3], maxConnecting=2}, serverSettings=ServerSettings{heartbeatFrequencyMS=10000, minHeartbeatFrequencyMS=500, serverListeners='[]', serverMonitorListeners='[]'}, sslSettings=SslSettings{enabled=false, invalidHostNameAllowed=false, context=null}, applicationName='null', compressorList=[], uuidRepresentation=JAVA_LEGACY, serverApi=null, autoEncryptionSettings=null, dnsClient=null, inetAddressResolver=null, contextProvider=null}
2024-11-26T04:59:50.593-05:00  INFO 86433 --- [microservice-parent] [localhost:63016] org.mongodb.driver.cluster               : Monitor thread successfully connected to server with description ServerDescription{address=localhost:63016, type=REPLICA_SET_PRIMARY, state=CONNECTED, ok=true, minWireVersion=0, maxWireVersion=25, maxDocumentSize=16777216, logicalSessionTimeoutMinutes=30, roundTripTimeNanos=9586792, setName='docker-rs', canonicalAddress=1d545db2d53b:27017, hosts=[1d545db2d53b:27017], passives=[], arbiters=[], primary='1d545db2d53b:27017', tagSet=TagSet{[]}, electionId=7fffffff0000000000000001, setVersion=1, topologyVersion=TopologyVersion{processId=67459c14b50db37a5777e6b8, counter=6}, lastWriteDate=Tue Nov 26 04:59:50 EST 2024, lastUpdateTimeNanos=438724904676458}
2024-11-26T04:59:50.706-05:00  INFO 86433 --- [microservice-parent] [    Test worker] o.s.b.a.e.web.EndpointLinksResolver      : Exposing 1 endpoint beneath base path '/actuator'
2024-11-26T04:59:50.749-05:00  INFO 86433 --- [microservice-parent] [    Test worker] c.g.m.MicroserviceParentApplicationTests : Started MicroserviceParentApplicationTests in 3.576 seconds (process running for 4.043)
]]></system-out>
  <system-err><![CDATA[WARNING: A Java agent has been loaded dynamically (/Users/kailiefield/.gradle/caches/modules-2/files-2.1/net.bytebuddy/byte-buddy-agent/1.14.19/154da3a65b4f4a909d3e5bdec55d1b2b4cbb6ce1/byte-buddy-agent-1.14.19.jar)
WARNING: If a serviceability tool is in use, please run with -XX:+EnableDynamicAgentLoading to hide this warning
WARNING: If a serviceability tool is not in use, please run with -Djdk.instrument.traceUsage for more information
WARNING: Dynamic loading of agents will be disallowed by default in a future release
]]></system-err>
</testsuite>
